Test (2C): basic persistence ...
  ... Passed --  11.2  3  227   25822    6
Test (2C): more persistence ...
  ... Passed --  32.3  5 1626  172919   23
Test (2C): partitioned leader and one follower crash, leader restarts ...
  ... Passed --   7.3  3  143   16566    6
Test (2C): Figure 8 ...
  ... Passed --  35.1  5 1354  314527   46
Test (2C): unreliable agreement ...
  ... Passed --   2.6  5  481  130521  246
Test (2C): Figure 8 (unreliable) ...
  ... Passed --  30.8  5 3193  470058  337
Test (2C): churn ...
  ... Passed --  16.2  5 2191  666715  667
Test (2C): unreliable churn ...
  ... Passed --  16.1  5 1322  297325  288
PASS
ok  	6.824/raft	151.666s
Test (2C): basic persistence ...
  ... Passed --  10.3  3  215   26116    9
Test (2C): more persistence ...
  ... Passed --  35.9  5 1743  183520   24
Test (2C): partitioned leader and one follower crash, leader restarts ...
  ... Passed --   5.7  3  120   14709    6
Test (2C): Figure 8 ...
  ... Passed --  31.5  5 1196  239342   31
Test (2C): unreliable agreement ...
  ... Passed --   2.5  5  486  131229  246
Test (2C): Figure 8 (unreliable) ...
  ... Passed --  35.3  5 3487  672393  169
Test (2C): churn ...
  ... Passed --  21.0  5 2206  536222  611
Test (2C): unreliable churn ...
  ... Passed --  16.1  5 2095  544161  491
PASS
ok  	6.824/raft	158.321s
Test (2C): basic persistence ...
  ... Passed --   8.2  3  171   21418    7
Test (2C): more persistence ...
  ... Passed --  28.1  5 1445  154999   21
Test (2C): partitioned leader and one follower crash, leader restarts ...
  ... Passed --   4.6  3   93   11562    5
Test (2C): Figure 8 ...
  ... Passed --  39.4  5 1497  332892   39
Test (2C): unreliable agreement ...
  ... Passed --   4.4  5  539  133464  246
Test (2C): Figure 8 (unreliable) ...
  ... Passed --  40.3  5 3599  575533  192
Test (2C): churn ...
  ... Passed --  18.3  5 2292  614122  606
Test (2C): unreliable churn ...
  ... Passed --  16.1  5 1818  401254  351
PASS
ok  	6.824/raft	159.330s
Test (2C): basic persistence ...
  ... Passed --   9.7  3  205   24766    7
Test (2C): more persistence ...
  ... Passed --  34.2  5 1702  180559   24
Test (2C): partitioned leader and one follower crash, leader restarts ...
  ... Passed --   4.3  3   89   11394    5
Test (2C): Figure 8 ...
  ... Passed --  33.6  5 1302  283888   40
Test (2C): unreliable agreement ...
  ... Passed --   2.5  5  458  124654  246
Test (2C): Figure 8 (unreliable) ...
  ... Passed --  37.5  5 3448  503575  219
Test (2C): churn ...
  ... Passed --  16.2  5 1067  225825  174
Test (2C): unreliable churn ...
  ... Passed --  16.2  5 2061  583116  413
PASS
ok  	6.824/raft	154.238s
Test (2C): basic persistence ...
  ... Passed --  12.2  3  252   29821    9
Test (2C): more persistence ...
  ... Passed --  26.8  5 1413  151626   21
Test (2C): partitioned leader and one follower crash, leader restarts ...
  ... Passed --   3.9  3   83   10865    5
Test (2C): Figure 8 ...
  ... Passed --  30.3  5 1151  234216   38
Test (2C): unreliable agreement ...
  ... Passed --   2.9  5  497  134199  246
Test (2C): Figure 8 (unreliable) ...
  ... Passed --  39.5  5 4007  722999  229
Test (2C): churn ...
  ... Passed --  16.5  5 1745  513277  572
Test (2C): unreliable churn ...
  ... Passed --  20.2  5 2052  495321  381
PASS
ok  	6.824/raft	152.253s
Test (2C): basic persistence ...
  ... Passed --  13.8  3  282   31784    9
Test (2C): more persistence ...
  ... Passed --  32.6  5 1632  170499   22
Test (2C): partitioned leader and one follower crash, leader restarts ...
  ... Passed --   7.2  3  145   16654    6
Test (2C): Figure 8 ...
  ... Passed --  36.8  5 1488  330928   40
Test (2C): unreliable agreement ...
  ... Passed --   2.5  5  457  126364  246
Test (2C): Figure 8 (unreliable) ...
  ... Passed --  38.9  5 3703  665202   82
Test (2C): churn ...
  ... Passed --  16.5  5 2342  724908  718
Test (2C): unreliable churn ...
  ... Passed --  16.4  5 2071  482447  459
PASS
ok  	6.824/raft	164.758s
Test (2C): basic persistence ...
  ... Passed --   6.4  3  143   18259    6
Test (2C): more persistence ...
  ... Passed --  36.0  5 1774  184922   24
Test (2C): partitioned leader and one follower crash, leader restarts ...
  ... Passed --   3.9  3   77   10356    5
Test (2C): Figure 8 ...
2022/11/30 17:45:48 4: log map[1:530183224487897632 2:1071963001551540745 3:9170102210802404338 4:1592041975791988753 5:3699046765110054779 6:4054826924872463104 7:4137512851934784923 8:2084482948139861631 9:2750696203559475051 10:729936840686895792 11:4377786304255954954 12:9046382748068551701 13:321767446763054158]; server map[1:530183224487897632 2:1071963001551540745 3:9170102210802404338 4:1592041975791988753 5:3699046765110054779 6:4054826924872463104 7:4137512851934784923 8:2084482948139861631 9:2750696203559475051 10:729936840686895792 11:4377786304255954954 12:9046382748068551701 13:321767446763054158 14:8457455239341326612]
2022/11/30 17:45:48 4: log map[1:530183224487897632 2:1071963001551540745 3:9170102210802404338 4:1592041975791988753 5:3699046765110054779 6:4054826924872463104 7:4137512851934784923 8:2084482948139861631 9:2750696203559475051 10:729936840686895792 11:4377786304255954954 12:9046382748068551701 13:321767446763054158]; server map[1:530183224487897632 2:1071963001551540745 3:9170102210802404338 4:1592041975791988753 5:3699046765110054779 6:4054826924872463104 7:4137512851934784923 8:2084482948139861631 9:2750696203559475051 10:729936840686895792 11:4377786304255954954 12:9046382748068551701 13:321767446763054158 14:8457455239341326612]
2022/11/30 17:45:48 apply error: commit index=14 server=4 6790057495845598482 != server=3 8457455239341326612
exit status 1
FAIL	6.824/raft	62.288s
Test (2C): basic persistence ...
  ... Passed --   9.1  3  189   22910    7
Test (2C): more persistence ...
  ... Passed --  37.4  5 1837  193269   25
Test (2C): partitioned leader and one follower crash, leader restarts ...
  ... Passed --   3.9  3   82   10833    5
Test (2C): Figure 8 ...
  ... Passed --  32.5  5 1264  261146   35
Test (2C): unreliable agreement ...
  ... Passed --   2.4  5  469  128178  246
Test (2C): Figure 8 (unreliable) ...
  ... Passed --  38.9  5 3380  392165  118
Test (2C): churn ...
  ... Passed --  16.5  5 2491  708859  749
Test (2C): unreliable churn ...
  ... Passed --  16.1  5 1080  188885  194
PASS
ok  	6.824/raft	156.894s
Test (2C): basic persistence ...
  ... Passed --   9.9  3  208   24301    6
Test (2C): more persistence ...
  ... Passed --  28.6  5 1516  160512   20
Test (2C): partitioned leader and one follower crash, leader restarts ...
  ... Passed --   3.7  3   76   10311    5
Test (2C): Figure 8 ...
  ... Passed --  31.6  5 1208  232544   27
Test (2C): unreliable agreement ...
  ... Passed --   2.5  5  465  127941  246
Test (2C): Figure 8 (unreliable) ...
  ... Passed --  39.3  5 4016  591149   39
Test (2C): churn ...
  ... Passed --  16.2  5 2421  811595  788
Test (2C): unreliable churn ...
  ... Passed --  16.2  5 1654  416817  446
PASS
ok  	6.824/raft	148.137s
Test (2C): basic persistence ...
  ... Passed --   5.7  3  130   17334    6
Test (2C): more persistence ...
  ... Passed --  37.4  5 1821  189044   24
Test (2C): partitioned leader and one follower crash, leader restarts ...
  ... Passed --   6.4  3  127   15174    6
Test (2C): Figure 8 ...
  ... Passed --  35.4  5 1366  311868   42
Test (2C): unreliable agreement ...
  ... Passed --   4.5  5  558  135683  246
Test (2C): Figure 8 (unreliable) ...
  ... Passed --  37.4  5 3503  583880   97
Test (2C): churn ...
  ... Passed --  16.2  5  852  172625  197
Test (2C): unreliable churn ...
  ... Passed --  16.4  5 1930  436173  421
PASS
ok  	6.824/raft	159.612s
Test (2C): basic persistence ...
  ... Passed --  11.6  3  240   27805    7
Test (2C): more persistence ...
signal: interrupt
FAIL	6.824/raft	36.704s
Test (2C): basic persistence ...
  ... Passed --  10.7  3  221   26200    8
Test (2C): more persistence ...
  ... Passed --  35.4  5 1740  182251   25
Test (2C): partitioned leader and one follower crash, leader restarts ...
  ... Passed --   5.0  3  103   12618    5
Test (2C): Figure 8 ...
  ... Passed --  31.1  5 1169  266067   36
Test (2C): unreliable agreement ...
  ... Passed --   4.5  5  570  142050  246
Test (2C): Figure 8 (unreliable) ...
  ... Passed --  38.2  5 3680  483207   78
Test (2C): churn ...
  ... Passed --  16.2  5 1876  480271  443
Test (2C): unreliable churn ...
  ... Passed --  16.5  5 1783  393923  394
PASS
ok  	6.824/raft	157.633s
Test (2C): basic persistence ...
  ... Passed --   7.6  3  171   21871    7
Test (2C): more persistence ...
  ... Passed --  33.9  5 1709  180743   24
Test (2C): partitioned leader and one follower crash, leader restarts ...
  ... Passed --   4.1  3   85   11152    5
Test (2C): Figure 8 ...
  ... Passed --  33.8  5 1342  316548   43
Test (2C): unreliable agreement ...
  ... Passed --   4.6  5  568  140345  246
Test (2C): Figure 8 (unreliable) ...
  ... Passed --  32.5  5 3415  484637  566
Test (2C): churn ...
  ... Passed --  18.3  5 2328  632574  605
Test (2C): unreliable churn ...
  ... Passed --  17.9  5 1624  368738  372
PASS
ok  	6.824/raft	152.693s
Test (2C): basic persistence ...
  ... Passed --   7.8  3  170   21364    7
Test (2C): more persistence ...
  ... Passed --  24.9  5 1362  145257   19
Test (2C): partitioned leader and one follower crash, leader restarts ...
  ... Passed --   4.8  3   95   11876    5
Test (2C): Figure 8 ...
  ... Passed --  30.0  5 1178  221397   28
Test (2C): unreliable agreement ...
  ... Passed --   2.5  5  484  130949  246
Test (2C): Figure 8 (unreliable) ...
  ... Passed --  38.8  5 3813  689999   65
Test (2C): churn ...
  ... Passed --  16.4  5 1971  626896  542
Test (2C): unreliable churn ...
  ... Passed --  16.4  5 1366  274075  244
PASS
ok  	6.824/raft	141.713s
Test (2C): basic persistence ...
  ... Passed --  15.2  3  304   33635    8
Test (2C): more persistence ...
  ... Passed --  33.9  5 1681  174918   23
Test (2C): partitioned leader and one follower crash, leader restarts ...
  ... Passed --   5.5  3  115   14192    6
Test (2C): Figure 8 ...
  ... Passed --  27.1  5 1020  202695   32
Test (2C): unreliable agreement ...
  ... Passed --   2.7  5  487  132592  246
Test (2C): Figure 8 (unreliable) ...
  ... Passed --  36.1  5 3743  637703  251
Test (2C): churn ...
  ... Passed --  16.2  5 2557  834429  761
Test (2C): unreliable churn ...
  ... Passed --  17.6  5 1982  386314  209
PASS
ok  	6.824/raft	154.439s
Test (2C): basic persistence ...
  ... Passed --   4.8  3  113   16000    6
Test (2C): more persistence ...
  ... Passed --  34.6  5 1727  180519   23
Test (2C): partitioned leader and one follower crash, leader restarts ...
  ... Passed --   4.1  3   83   10635    5
Test (2C): Figure 8 ...
  ... Passed --  31.2  5 1257  266912   36
Test (2C): unreliable agreement ...
  ... Passed --   4.5  5  551  135344  246
Test (2C): Figure 8 (unreliable) ...
  ... Passed --  45.9  5 4285  629126  114
Test (2C): churn ...
  ... Passed --  16.4  5 2496  882324  729
Test (2C): unreliable churn ...
  ... Passed --  16.4  5 1774  415843  372
PASS
ok  	6.824/raft	158.105s
Test (2C): basic persistence ...
  ... Passed --  13.5  3  270   30105    7
Test (2C): more persistence ...
  ... Passed --  38.3  5 1872  196150   26
Test (2C): partitioned leader and one follower crash, leader restarts ...
  ... Passed --   4.5  3   94   11899    5
Test (2C): Figure 8 ...
  ... Passed --  34.0  5 1327  303657   42
Test (2C): unreliable agreement ...
  ... Passed --   4.5  5  543  133857  246
Test (2C): Figure 8 (unreliable) ...
  ... Passed --  35.2  5 3511  464321  277
Test (2C): churn ...
  ... Passed --  18.6  5 2627  832038  651
Test (2C): unreliable churn ...
  ... Passed --  16.1  5 1965  524041  419
PASS
ok  	6.824/raft	164.944s
Test (2C): basic persistence ...
  ... Passed --  12.6  3  256   29453    8
Test (2C): more persistence ...
  ... Passed --  37.3  5 1838  190672   24
Test (2C): partitioned leader and one follower crash, leader restarts ...
  ... Passed --   8.0  3  166   19251    7
Test (2C): Figure 8 ...
  ... Passed --  32.6  5 1268  289592   37
Test (2C): unreliable agreement ...
  ... Passed --   2.4  5  457  125573  246
Test (2C): Figure 8 (unreliable) ...
  ... Passed --  36.1  5 3371  706219  745
Test (2C): churn ...
  ... Passed --  18.9  5 2596  718760  755
Test (2C): unreliable churn ...
  ... Passed --  16.2  5 1731  377404  386
PASS
ok  	6.824/raft	164.226s
Test (2C): basic persistence ...
  ... Passed --   7.0  3  150   19060    6
Test (2C): more persistence ...
  ... Passed --  38.6  5 1916  201365   25
Test (2C): partitioned leader and one follower crash, leader restarts ...
  ... Passed --   7.9  3  158   18255    7
Test (2C): Figure 8 ...
  ... Passed --  32.8  5 1231  249864   34
Test (2C): unreliable agreement ...
  ... Passed --   3.2  5  500  131954  246
Test (2C): Figure 8 (unreliable) ...
  ... Passed --  34.6  5 3333  464848  175
Test (2C): churn ...
  ... Passed --  16.6  5 2607  771199  702
Test (2C): unreliable churn ...
  ... Passed --  19.2  5 2198  519961  398
PASS
ok  	6.824/raft	159.913s
Test (2C): basic persistence ...
  ... Passed --  15.8  3  315   34593    9
Test (2C): more persistence ...
  ... Passed --  33.8  5 1700  180876   24
Test (2C): partitioned leader and one follower crash, leader restarts ...
  ... Passed --   7.4  3  149   17294    6
Test (2C): Figure 8 ...
  ... Passed --  37.4  5 1403  301364   36
Test (2C): unreliable agreement ...
  ... Passed --   2.5  5  490  132413  246
Test (2C): Figure 8 (unreliable) ...
  ... Passed --  38.3  5 3270  547065  634
Test (2C): churn ...
  ... Passed --  16.4  5 2155  650235  528
Test (2C): unreliable churn ...
  ... Passed --  16.4  5 1525  354592  265
PASS
ok  	6.824/raft	168.252s
Test (2C): basic persistence ...
  ... Passed --  13.2  3  260   28876    7
Test (2C): more persistence ...
  ... Passed --  34.7  5 1709  179685   24
Test (2C): partitioned leader and one follower crash, leader restarts ...
  ... Passed --   3.5  3   73    9920    5
Test (2C): Figure 8 ...
  ... Passed --  31.5  5 1214  274085   37
Test (2C): unreliable agreement ...
  ... Passed --   2.5  5  469  128741  246
Test (2C): Figure 8 (unreliable) ...
  ... Passed --  33.4  5 3229  397467   83
Test (2C): churn ...
  ... Passed --  19.3  5 2458  733779  701
Test (2C): unreliable churn ...
  ... Passed --  16.1  5 1429  317417  362
PASS
ok  	6.824/raft	154.285s
Test (2C): basic persistence ...
  ... Passed --  15.4  3  316   35452    9
Test (2C): more persistence ...
  ... Passed --  24.3  5 1325  143903   19
Test (2C): partitioned leader and one follower crash, leader restarts ...
  ... Passed --   4.5  3   94   12023    5
Test (2C): Figure 8 ...
  ... Passed --  30.2  5 1186  264909   35
Test (2C): unreliable agreement ...
  ... Passed --   4.5  5  546  133129  246
Test (2C): Figure 8 (unreliable) ...
  ... Passed --  31.7  5 3188  555919  631
Test (2C): churn ...
  ... Passed --  16.2  5 1887  494508  550
Test (2C): unreliable churn ...
  ... Passed --  16.3  5 1816  455401  373
PASS
ok  	6.824/raft	143.109s
Test (2C): basic persistence ...
  ... Passed --  10.4  3  225   27290    7
Test (2C): more persistence ...
  ... Passed --  35.6  5 1788  190260   25
Test (2C): partitioned leader and one follower crash, leader restarts ...
  ... Passed --   3.5  3   73    9920    5
Test (2C): Figure 8 ...
  ... Passed --  35.4  5 1389  313539   41
Test (2C): unreliable agreement ...
  ... Passed --   2.5  5  456  124634  246
Test (2C): Figure 8 (unreliable) ...
  ... Passed --  34.5  5 3494  498854   59
Test (2C): churn ...
  ... Passed --  17.8  5 2405  598382  622
Test (2C): unreliable churn ...
  ... Passed --  18.9  5 2157  579411  519
PASS
ok  	6.824/raft	158.703s
Test (2C): basic persistence ...
  ... Passed --  14.2  3  286   31536    9
Test (2C): more persistence ...
  ... Passed --  33.6  5 1683  180702   24
Test (2C): partitioned leader and one follower crash, leader restarts ...
  ... Passed --   3.6  3   75    9895    5
Test (2C): Figure 8 ...
  ... Passed --  29.7  5 1158  255677   36
Test (2C): unreliable agreement ...
  ... Passed --   2.6  5  497  133580  246
Test (2C): Figure 8 (unreliable) ...
  ... Passed --  35.8  5 3458  539428  412
Test (2C): churn ...
  ... Passed --  16.3  5 1940  481348  500
Test (2C): unreliable churn ...
  ... Passed --  18.7  5 2030  488712  444
PASS
ok  	6.824/raft	154.457s
Test (2C): basic persistence ...
  ... Passed --   8.0  3  173   21922    7
Test (2C): more persistence ...
  ... Passed --  31.5  5 1605  167474   22
Test (2C): partitioned leader and one follower crash, leader restarts ...
  ... Passed --   2.5  3   54    7963    4
Test (2C): Figure 8 ...
  ... Passed --  25.3  5 1014  206565   31
Test (2C): unreliable agreement ...
  ... Passed --   4.6  5  586  143642  246
Test (2C): Figure 8 (unreliable) ...
  ... Passed --  29.5  5 2964  566082   62
Test (2C): churn ...
  ... Passed --  16.2  5 2104  606993  697
Test (2C): unreliable churn ...
  ... Passed --  16.2  5  901  192049  148
PASS
ok  	6.824/raft	133.923s
Test (2C): basic persistence ...
  ... Passed --   8.7  3  184   22695    6
Test (2C): more persistence ...
  ... Passed --  36.6  5 1801  190734   26
Test (2C): partitioned leader and one follower crash, leader restarts ...
  ... Passed --   6.1  3  127   15232    6
Test (2C): Figure 8 ...
  ... Passed --  32.5  5 1230  243448   32
Test (2C): unreliable agreement ...
  ... Passed --   2.4  5  478  129927  246
Test (2C): Figure 8 (unreliable) ...
  ... Passed --  36.1  5 3495  769238  894
Test (2C): churn ...
  ... Passed --  16.3  5 2969  803156  784
Test (2C): unreliable churn ...
  ... Passed --  16.4  5 1436  370033  324
PASS
ok  	6.824/raft	155.156s
Test (2C): basic persistence ...
  ... Passed --  11.4  3  236   27183    6
Test (2C): more persistence ...
  ... Passed --  31.2  5 1590  166498   22
Test (2C): partitioned leader and one follower crash, leader restarts ...
  ... Passed --   8.3  3  163   18828    7
Test (2C): Figure 8 ...
  ... Passed --  27.1  5 1006  209656   31
Test (2C): unreliable agreement ...
  ... Passed --   2.5  5  475  128662  246
Test (2C): Figure 8 (unreliable) ...
  ... Passed --  39.7  5 3488  495556  224
Test (2C): churn ...
  ... Passed --  16.5  5 2358  609605  557
Test (2C): unreliable churn ...
  ... Passed --  19.1  5 1904  471509  484
PASS
ok  	6.824/raft	155.804s
Test (2C): basic persistence ...
  ... Passed --  16.3  3  318   34579    8
Test (2C): more persistence ...
  ... Passed --  35.3  5 1741  182744   24
Test (2C): partitioned leader and one follower crash, leader restarts ...
  ... Passed --   4.0  3   84   10965    5
Test (2C): Figure 8 ...
  ... Passed --  37.8  5 1464  333308   44
Test (2C): unreliable agreement ...
  ... Passed --   2.6  5  476  130243  246
Test (2C): Figure 8 (unreliable) ...
  ... Passed --  32.1  5 2861  394611   26
Test (2C): churn ...
  ... Passed --  16.2  5 2522  759693  656
Test (2C): unreliable churn ...
  ... Passed --  16.2  5 1597  334593  372
PASS
ok  	6.824/raft	160.638s
Test (2C): basic persistence ...
  ... Passed --   8.7  3  186   22841    7
Test (2C): more persistence ...
  ... Passed --  25.4  5 1382  149787   21
Test (2C): partitioned leader and one follower crash, leader restarts ...
  ... Passed --   4.7  3   97   12122    5
Test (2C): Figure 8 ...
  ... Passed --  36.7  5 1466  338572   42
Test (2C): unreliable agreement ...
  ... Passed --   2.5  5  500  135468  246
Test (2C): Figure 8 (unreliable) ...
  ... Passed --  33.4  5 3196  374895  127
Test (2C): churn ...
  ... Passed --  16.3  5 1913  513063  634
Test (2C): unreliable churn ...
  ... Passed --  16.3  5 1441  204501  153
PASS
ok  	6.824/raft	144.065s
Test (2C): basic persistence ...
  ... Passed --   8.6  3  186   22881    8
Test (2C): more persistence ...
  ... Passed --  21.9  5 1246  137622   18
Test (2C): partitioned leader and one follower crash, leader restarts ...
  ... Passed --   7.0  3  137   15979    6
Test (2C): Figure 8 ...
  ... Passed --  30.1  5 1198  243217   30
Test (2C): unreliable agreement ...
  ... Passed --   2.6  5  493  131349  246
Test (2C): Figure 8 (unreliable) ...
  ... Passed --  30.9  5 3008  624226  111
Test (2C): churn ...
  ... Passed --  16.2  5 2500  637688  684
Test (2C): unreliable churn ...
  ... Passed --  16.2  5 2160  568140  493
PASS
ok  	6.824/raft	133.520s
Test (2C): basic persistence ...
  ... Passed --  14.1  3  283   31632    8
Test (2C): more persistence ...
  ... Passed --  32.3  5 1627  172673   23
Test (2C): partitioned leader and one follower crash, leader restarts ...
  ... Passed --   1.8  3   47    7470    4
Test (2C): Figure 8 ...
  ... Passed --  32.7  5 1259  275125   36
Test (2C): unreliable agreement ...
  ... Passed --   2.5  5  469  127640  246
Test (2C): Figure 8 (unreliable) ...
  ... Passed --  39.3  5 3982  751174  547
Test (2C): churn ...
  ... Passed --  18.0  5 2334  592874  548
Test (2C): unreliable churn ...
  ... Passed --  16.2  5 1913  464704  510
PASS
ok  	6.824/raft	156.956s
Test (2C): basic persistence ...
  ... Passed --   7.7  3  163   20887    8
Test (2C): more persistence ...
  ... Passed --  32.7  5 1629  170469   22
Test (2C): partitioned leader and one follower crash, leader restarts ...
  ... Passed --   1.4  3   34    6139    4
Test (2C): Figure 8 ...
  ... Passed --  32.4  5 1220  243259   33
Test (2C): unreliable agreement ...
  ... Passed --   2.5  5  484  130126  246
Test (2C): Figure 8 (unreliable) ...
  ... Passed --  31.6  5 2680  342166  205
Test (2C): churn ...
  ... Passed --  18.5  5 2116  502044  385
Test (2C): unreliable churn ...
  ... Passed --  16.6  5 1902  468063  517
PASS
ok  	6.824/raft	143.497s
Test (2C): basic persistence ...
  ... Passed --  15.4  3  310   34591    9
Test (2C): more persistence ...
  ... Passed --  32.4  5 1677  174871   22
Test (2C): partitioned leader and one follower crash, leader restarts ...
  ... Passed --   3.9  3   79   10962    5
Test (2C): Figure 8 ...
  ... Passed --  32.4  5 1278  288289   41
Test (2C): unreliable agreement ...
  ... Passed --   2.2  5  449  124418  246
Test (2C): Figure 8 (unreliable) ...
2022/11/30 19:19:53 2: log map[1:8859 2:1949 3:7131 4:4460 5:1860 6:1243 7:3740 8:4397 9:5562 10:2786 11:8519 12:3957 13:3369 14:1091 15:6019 16:6745 17:2658 18:7371 19:5731 20:7005 21:9394 22:7787 23:9713 24:8694 25:4874 26:43 27:8515 28:1390 29:907 30:2554 31:5829 32:5931 33:6538 34:8838 35:3838 36:317 37:1892 38:6565 39:2616 40:67 41:5243 42:2448 43:1656 44:7069 45:8901 46:443 47:4893 48:8551 49:6447]; server map[1:8859 2:1949 3:7131 4:4460 5:1860 6:1243 7:3740 8:4397 9:5562 10:2786 11:8519 12:3957 13:3369 14:1091 15:6019 16:6745 17:2658 18:7371 19:5731 20:7005 21:9394 22:7787 23:9713 24:8694 25:4874 26:43 27:8515 28:1390 29:907 30:2554 31:5829 32:5931 33:6538 34:8838 35:3838 36:317 37:1892 38:6565 39:2616 40:67 41:5243 42:2448 43:1656 44:7069 45:8901 46:443 47:4893 48:8551 49:6447 50:9563 51:4721 52:6367 53:6715 54:169 55:1269 56:5614 57:843 58:4578 59:9971 60:9928 61:914 62:6404 63:9693 64:4445 65:3488 66:6711 67:4484 68:1979 69:6851 70:1819 71:3692 72:6950 73:8071 74:5549 75:606 76:8102 77:2197 78:3409 79:1796 80:52 81:4520 82:8123 83:9726 84:7268 85:960 86:5114 87:877 88:5342 89:9617 90:6894 91:681 92:2101 93:5345 94:4218 95:8015 96:8667 97:3688 98:3319 99:260 100:9804 101:8550 102:7948 103:2514 104:5738 105:6586 106:332 107:668]
2022/11/30 19:19:53 2: log map[1:8859 2:1949 3:7131 4:4460 5:1860 6:1243 7:3740 8:4397 9:5562 10:2786 11:8519 12:3957 13:3369 14:1091 15:6019 16:6745 17:2658 18:7371 19:5731 20:7005 21:9394 22:7787 23:9713 24:8694 25:4874 26:43 27:8515 28:1390 29:907 30:2554 31:5829 32:5931 33:6538 34:8838 35:3838 36:317 37:1892 38:6565 39:2616 40:67 41:5243 42:2448 43:1656 44:7069 45:8901 46:443 47:4893 48:8551 49:6447]; server map[1:8859 2:1949 3:7131 4:4460 5:1860 6:1243 7:3740 8:4397 9:5562 10:2786 11:8519 12:3957 13:3369 14:1091 15:6019 16:6745 17:2658 18:7371 19:5731 20:7005 21:9394 22:7787 23:9713 24:8694 25:4874 26:43 27:8515 28:1390 29:907 30:2554 31:5829 32:5931 33:6538 34:8838 35:3838 36:317 37:1892 38:6565 39:2616 40:67 41:5243 42:2448 43:1656 44:7069 45:8901 46:443 47:4893 48:8551 49:6447 50:9563 51:4721 52:6367 53:6715 54:169 55:1269 56:5614 57:843 58:4578 59:9971 60:9928 61:914 62:6404 63:9693 64:4445 65:3488 66:6711 67:4484 68:1979 69:6851 70:1819 71:3692 72:6950 73:8071 74:5549 75:606 76:8102 77:2197 78:3409 79:1796 80:52 81:4520 82:8123 83:9726 84:7268 85:960 86:5114 87:877 88:5342 89:9617 90:6894 91:681 92:2101 93:5345 94:4218 95:8015 96:8667 97:3688 98:3319 99:260 100:9804 101:8550 102:7948 103:2514 104:5738 105:6586 106:332 107:668]
2022/11/30 19:19:53 2: log map[1:8859 2:1949 3:7131 4:4460 5:1860 6:1243 7:3740 8:4397 9:5562 10:2786 11:8519 12:3957 13:3369 14:1091 15:6019 16:6745 17:2658 18:7371 19:5731 20:7005 21:9394 22:7787 23:9713 24:8694 25:4874 26:43 27:8515 28:1390 29:907 30:2554 31:5829 32:5931 33:6538 34:8838 35:3838 36:317 37:1892 38:6565 39:2616 40:67 41:5243 42:2448 43:1656 44:7069 45:8901 46:443 47:4893 48:8551 49:6447]; server map[1:8859 2:1949 3:7131 4:4460 5:1860 6:1243 7:3740 8:4397 9:5562 10:2786 11:8519 12:3957 13:3369 14:1091 15:6019 16:6745 17:2658 18:7371 19:5731 20:7005 21:9394 22:7787 23:9713 24:8694 25:4874 26:43 27:8515 28:1390 29:907 30:2554 31:5829 32:5931 33:6538 34:8838 35:3838 36:317 37:1892 38:6565 39:2616 40:67 41:5243 42:2448 43:1656 44:7069 45:8901 46:443 47:4893 48:8551 49:6447 50:9563 51:4721 52:6367 53:6715 54:169 55:1269 56:5614 57:843 58:4578 59:9971 60:9928 61:914 62:6404 63:9693 64:4445 65:3488 66:6711 67:4484 68:1979 69:6851 70:1819 71:3692 72:6950 73:8071 74:5549 75:606 76:8102 77:2197 78:3409 79:1796 80:52 81:4520 82:8123 83:9726 84:7268 85:960 86:5114 87:877 88:5342 89:9617 90:6894 91:681 92:2101 93:5345 94:4218 95:8015 96:8667 97:3688 98:3319 99:260 100:9804 101:8550 102:7948 103:2514 104:5738 105:6586 106:332 107:668]
2022/11/30 19:19:53 apply error: commit index=50 server=2 8583 != server=4 9563
exit status 1
FAIL	6.824/raft	104.518s
Test (2C): basic persistence ...
  ... Passed --  10.2  3  208   24199    6
Test (2C): more persistence ...
  ... Passed --  34.6  5 1719  180266   24
Test (2C): partitioned leader and one follower crash, leader restarts ...
  ... Passed --   1.5  3   37    6484    4
Test (2C): Figure 8 ...
  ... Passed --  35.2  5 1374  293097   39
Test (2C): unreliable agreement ...
  ... Passed --   2.3  5  461  126287  246
Test (2C): Figure 8 (unreliable) ...
  ... Passed --  35.0  5 3317  584743  136
Test (2C): churn ...
  ... Passed --  16.4  5 1980  524753  575
Test (2C): unreliable churn ...
  ... Passed --  16.4  5 1552  315483  256
PASS
ok  	6.824/raft	151.516s
Test (2C): basic persistence ...
  ... Passed --   8.4  3  185   23400    7
Test (2C): more persistence ...
  ... Passed --  32.0  5 1614  169607   23
Test (2C): partitioned leader and one follower crash, leader restarts ...
  ... Passed --   2.9  3   62    8581    4
Test (2C): Figure 8 ...
  ... Passed --  26.3  5 1052  226595   35
Test (2C): unreliable agreement ...
  ... Passed --   4.3  5  549  136235  246
Test (2C): Figure 8 (unreliable) ...
  ... Passed --  36.9  5 3289  461624  282
Test (2C): churn ...
  ... Passed --  16.5  5 2215  711084  797
Test (2C): unreliable churn ...
signal: interrupt
FAIL	6.824/raft	135.905s
Test (2C): basic persistence ...
signal: interrupt
FAIL	6.824/raft	1.405s
Test (2C): basic persistence ...
signal: interrupt
FAIL	6.824/raft	0.033s
signal: interrupt
FAIL	6.824/raft	0.002s
Test (2C): basic persistence ...
  ... Passed --  15.3  3  307   33263    8
Test (2C): more persistence ...
  ... Passed --  22.5  5 1267  136037   18
Test (2C): partitioned leader and one follower crash, leader restarts ...
  ... Passed --   2.9  3   59    8163    4
Test (2C): Figure 8 ...
  ... Passed --  29.3  5 1078  227665   31
Test (2C): unreliable agreement ...
  ... Passed --   4.2  5  531  132792  246
Test (2C): Figure 8 (unreliable) ...
  ... Passed --  34.9  5 3552  672835  166
Test (2C): churn ...
  ... Passed --  18.4  5 3077 1064690  982
Test (2C): unreliable churn ...
  ... Passed --  16.1  5 2436  738492  637
PASS
ok  	6.824/raft	143.556s
Test (2C): basic persistence ...
  ... Passed --  10.7  3  217   25004    7
Test (2C): more persistence ...
  ... Passed --  38.8  5 1880  193700   25
Test (2C): partitioned leader and one follower crash, leader restarts ...
  ... Passed --   4.7  3   94   11268    4
Test (2C): Figure 8 ...
  ... Passed --  30.0  5 1126  225946   29
Test (2C): unreliable agreement ...
  ... Passed --   2.2  5  458  126944  246
Test (2C): Figure 8 (unreliable) ...
  ... Passed --  33.6  5 3051  448554   87
Test (2C): churn ...
  ... Passed --  16.3  5 2606  691957  939
Test (2C): unreliable churn ...
  ... Passed --  17.5  5 2554  656317  607
PASS
ok  	6.824/raft	153.938s
Test (2C): basic persistence ...
  ... Passed --   6.4  3  143   18790    6
Test (2C): more persistence ...
  ... Passed --  34.4  5 1714  178385   24
Test (2C): partitioned leader and one follower crash, leader restarts ...
  ... Passed --   5.8  3  117   14101    6
Test (2C): Figure 8 ...
  ... Passed --  28.9  5 1085  242590   40
Test (2C): unreliable agreement ...
  ... Passed --   2.2  5  459  126868  246
Test (2C): Figure 8 (unreliable) ...
  ... Passed --  33.8  5 3336  557131  147
Test (2C): churn ...
  ... Passed --  20.3  5 2934 1132345  848
Test (2C): unreliable churn ...
  ... Passed --  19.2  5 2178  518252  467
PASS
ok  	6.824/raft	151.212s
Test (2C): basic persistence ...
  ... Passed --  15.9  3  315   34467    9
Test (2C): more persistence ...
  ... Passed --  28.6  5 1485  155092   21
Test (2C): partitioned leader and one follower crash, leader restarts ...
  ... Passed --   7.4  3  145   16497    6
Test (2C): Figure 8 ...
  ... Passed --  34.0  5 1272  276071   38
Test (2C): unreliable agreement ...
  ... Passed --   4.2  5  545  133574  246
Test (2C): Figure 8 (unreliable) ...
  ... Passed --  37.7  5 3763  486071  163
Test (2C): churn ...
  ... Passed --  16.2  5 3061  955247  978
Test (2C): unreliable churn ...
  ... Passed --  18.0  5 1767  371649  290
PASS
ok  	6.824/raft	162.190s
Test (2C): basic persistence ...
  ... Passed --   3.8  3   88   13393    6
Test (2C): more persistence ...
  ... Passed --  26.3  5 1380  145632   20
Test (2C): partitioned leader and one follower crash, leader restarts ...
  ... Passed --   3.5  3   69    9193    4
Test (2C): Figure 8 ...
  ... Passed --  32.2  5 1161  244716   35
Test (2C): unreliable agreement ...
  ... Passed --   2.4  5  498  136056  246
Test (2C): Figure 8 (unreliable) ...
  ... Passed --  32.2  5 2987  464044  324
Test (2C): churn ...
  ... Passed --  17.4  5 1740  518676  657
Test (2C): unreliable churn ...
  ... Passed --  16.2  5 1823  499777  474
PASS
ok  	6.824/raft	133.961s
Test (2C): basic persistence ...
  ... Passed --  14.8  3  290   31120    7
Test (2C): more persistence ...
  ... Passed --  32.3  5 1607  167779   22
Test (2C): partitioned leader and one follower crash, leader restarts ...
  ... Passed --   4.6  3   95   11274    4
Test (2C): Figure 8 ...
  ... Passed --  31.3  5 1155  255879   37
Test (2C): unreliable agreement ...
  ... Passed --   2.3  5  473  130882  246
Test (2C): Figure 8 (unreliable) ...
  ... Passed --  38.5  5 3382  506954   85
Test (2C): churn ...
  ... Passed --  17.4  5 1481  319611  425
Test (2C): unreliable churn ...
  ... Passed --  17.7  5 1887  455617  497
PASS
ok  	6.824/raft	159.001s
Test (2C): basic persistence ...
  ... Passed --  13.1  3  258   28728    8
Test (2C): more persistence ...
  ... Passed --  36.2  5 1745  179525   23
Test (2C): partitioned leader and one follower crash, leader restarts ...
  ... Passed --   4.9  3   99   12230    5
Test (2C): Figure 8 ...
  ... Passed --  29.1  5 1120  234494   32
Test (2C): unreliable agreement ...
  ... Passed --   2.3  5  457  127113  246
Test (2C): Figure 8 (unreliable) ...
  ... Passed --  42.6  5 4174  638924  135
Test (2C): churn ...
  ... Passed --  16.6  5 2369  683868  691
Test (2C): unreliable churn ...
  ... Passed --  16.1  5 2142  579280  561
PASS
ok  	6.824/raft	161.012s
Test (2C): basic persistence ...
  ... Passed --  13.7  3  281   31407    8
Test (2C): more persistence ...
  ... Passed --  27.6  5 1428  149323   20
Test (2C): partitioned leader and one follower crash, leader restarts ...
  ... Passed --   3.8  3   78   10154    5
Test (2C): Figure 8 ...
  ... Passed --  33.8  5 1268  300340   40
Test (2C): unreliable agreement ...
  ... Passed --   2.4  5  462  127298  246
Test (2C): Figure 8 (unreliable) ...
  ... Passed --  33.0  5 2826  320706  120
Test (2C): churn ...
  ... Passed --  16.2  5 1972  545732  662
Test (2C): unreliable churn ...
  ... Passed --  16.4  5 1515  361200  377
PASS
ok  	6.824/raft	146.831s
Test (2C): basic persistence ...
  ... Passed --   6.2  3  140   18264    7
Test (2C): more persistence ...
  ... Passed --  29.6  5 1496  155378   21
Test (2C): partitioned leader and one follower crash, leader restarts ...
  ... Passed --   4.8  3  100   12488    5
Test (2C): Figure 8 ...
  ... Passed --  40.2  5 1505  299302   37
Test (2C): unreliable agreement ...
  ... Passed --   4.3  5  538  134326  246
Test (2C): Figure 8 (unreliable) ...
  ... Passed --  36.1  5 3625  502145  113
Test (2C): churn ...
  ... Passed --  20.8  5 2858  992520  948
Test (2C): unreliable churn ...
  ... Passed --  16.1  5 1483  331585  307
PASS
ok  	6.824/raft	158.077s
Test (2C): basic persistence ...
  ... Passed --   6.0  3  134   17733    6
Test (2C): more persistence ...
  ... Passed --  27.4  5 1426  149550   20
Test (2C): partitioned leader and one follower crash, leader restarts ...
  ... Passed --   7.0  3  139   16015    6
Test (2C): Figure 8 ...
  ... Passed --  33.6  5 1243  267655   37
Test (2C): unreliable agreement ...
  ... Passed --   2.2  5  450  125532  246
Test (2C): Figure 8 (unreliable) ...
  ... Passed --  39.9  5 3916  585395  113
Test (2C): churn ...
  ... Passed --  18.3  5 3014  938323  876
Test (2C): unreliable churn ...
  ... Passed --  16.2  5 1555  369974  393
PASS
ok  	6.824/raft	150.689s
Test (2C): basic persistence ...
  ... Passed --   9.0  3  183   21580    6
Test (2C): more persistence ...
  ... Passed --  36.9  5 1787  185864   24
Test (2C): partitioned leader and one follower crash, leader restarts ...
  ... Passed --   5.5  3  112   13626    6
Test (2C): Figure 8 ...
  ... Passed --  30.3  5 1110  221248   29
Test (2C): unreliable agreement ...
  ... Passed --   2.2  5  460  128091  246
Test (2C): Figure 8 (unreliable) ...
  ... Passed --  39.0  5 3797  718943  482
Test (2C): churn ...
  ... Passed --  16.3  5 1786  446752  501
Test (2C): unreliable churn ...
  ... Passed --  16.2  5 1535  279705  206
PASS
ok  	6.824/raft	155.328s
Test (2C): basic persistence ...
  ... Passed --   5.5  3  121   16208    6
Test (2C): more persistence ...
  ... Passed --  29.1  5 1521  156339   20
Test (2C): partitioned leader and one follower crash, leader restarts ...
  ... Passed --   7.4  3  144   16366    6
Test (2C): Figure 8 ...
  ... Passed --  33.5  5 1271  297240   43
Test (2C): unreliable agreement ...
  ... Passed --   2.2  5  464  128818  246
Test (2C): Figure 8 (unreliable) ...
  ... Passed --  36.7  5 3523  562614  241
Test (2C): churn ...
  ... Passed --  18.7  5 2260  741918  816
Test (2C): unreliable churn ...
  ... Passed --  20.7  5 1735  414985  408
PASS
ok  	6.824/raft	153.865s
Test (2C): basic persistence ...
  ... Passed --  16.4  3  331   36421    9
Test (2C): more persistence ...
  ... Passed --  29.5  5 1517  159689   20
Test (2C): partitioned leader and one follower crash, leader restarts ...
  ... Passed --   3.9  3   78    9779    5
Test (2C): Figure 8 ...
  ... Passed --  28.3  5 1056  212554   32
Test (2C): unreliable agreement ...
  ... Passed --   2.3  5  452  125839  246
Test (2C): Figure 8 (unreliable) ...
  ... Passed --  34.3  5 3257  618281  402
Test (2C): churn ...
  ... Passed --  16.9  5 2641  696948  515
Test (2C): unreliable churn ...
  ... Passed --  16.3  5 1384  294564  280
PASS
ok  	6.824/raft	148.077s
Test (2C): basic persistence ...
  ... Passed --  16.1  3  317   34121    8
Test (2C): more persistence ...
  ... Passed --  30.4  5 1524  160261   22
Test (2C): partitioned leader and one follower crash, leader restarts ...
  ... Passed --   2.2  3   47    7107    4
Test (2C): Figure 8 ...
  ... Passed --  30.0  5 1103  225152   33
Test (2C): unreliable agreement ...
  ... Passed --   2.2  5  471  130446  246
Test (2C): Figure 8 (unreliable) ...
  ... Passed --  35.7  5 3242  544952  247
Test (2C): churn ...
  ... Passed --  17.9  5 2326  657242  823
Test (2C): unreliable churn ...
  ... Passed --  16.1  5 1611  371604  393
PASS
ok  	6.824/raft	150.783s
Test (2C): basic persistence ...
  ... Passed --   8.3  3  171   20525    6
Test (2C): more persistence ...
  ... Passed --  36.4  5 1781  185813   25
Test (2C): partitioned leader and one follower crash, leader restarts ...
  ... Passed --   6.3  3  127   14931    6
Test (2C): Figure 8 ...
  ... Passed --  36.0  5 1332  303292   37
Test (2C): unreliable agreement ...
  ... Passed --   2.3  5  465  128632  246
Test (2C): Figure 8 (unreliable) ...
  ... Passed --  37.1  5 3634  571220  681
Test (2C): churn ...
  ... Passed --  17.6  5 2756 1081226  901
Test (2C): unreliable churn ...
  ... Passed --  16.8  5 1897  588850  448
PASS
ok  	6.824/raft	160.880s
Test (2C): basic persistence ...
  ... Passed --   5.8  3  128   16829    6
Test (2C): more persistence ...
  ... Passed --  30.0  5 1544  162427   22
Test (2C): partitioned leader and one follower crash, leader restarts ...
  ... Passed --   2.6  3   55    7727    4
Test (2C): Figure 8 ...
  ... Passed --  28.6  5 1080  222249   32
Test (2C): unreliable agreement ...
  ... Passed --   2.2  5  437  121348  246
Test (2C): Figure 8 (unreliable) ...
  ... Passed --  35.6  5 3715  650503  372
Test (2C): churn ...
  ... Passed --  16.4  5 2761  905844  670
Test (2C): unreliable churn ...
  ... Passed --  16.1  5 1198  222932  180
PASS
ok  	6.824/raft	137.389s
Test (2C): basic persistence ...
  ... Passed --   9.2  3  195   23285    8
Test (2C): more persistence ...
  ... Passed --  32.0  5 1615  169901   23
Test (2C): partitioned leader and one follower crash, leader restarts ...
  ... Passed --   3.2  3   65    8717    4
Test (2C): Figure 8 ...
  ... Passed --  32.3  5 1216  271880   37
Test (2C): unreliable agreement ...
  ... Passed --   2.2  5  461  127273  246
Test (2C): Figure 8 (unreliable) ...
  ... Passed --  28.6  5 2909  419524  232
Test (2C): churn ...
  ... Passed --  17.6  5 2797  896070  953
Test (2C): unreliable churn ...
  ... Passed --  16.1  5 1393  325053  325
PASS
ok  	6.824/raft	141.440s
Test (2C): basic persistence ...
  ... Passed --   7.0  3  150   19383    7
Test (2C): more persistence ...
  ... Passed --  37.2  5 1806  186469   24
Test (2C): partitioned leader and one follower crash, leader restarts ...
  ... Passed --   7.4  3  143   16323    6
Test (2C): Figure 8 ...
  ... Passed --  29.7  5 1138  250691   33
Test (2C): unreliable agreement ...
  ... Passed --   2.4  5  482  129968  246
Test (2C): Figure 8 (unreliable) ...
  ... Passed --  38.7  5 2814  348421  187
Test (2C): churn ...
  ... Passed --  16.2  5 1871  504979  567
Test (2C): unreliable churn ...
  ... Passed --  17.1  5 2569  643390  620
PASS
ok  	6.824/raft	155.696s
Test (2C): basic persistence ...
  ... Passed --   9.4  3  193   23188    7
Test (2C): more persistence ...
  ... Passed --  35.7  5 1746  179977   23
Test (2C): partitioned leader and one follower crash, leader restarts ...
  ... Passed --   7.9  3  157   18023    7
Test (2C): Figure 8 ...
  ... Passed --  30.3  5 1115  252877   37
Test (2C): unreliable agreement ...
  ... Passed --   2.2  5  457  126628  246
Test (2C): Figure 8 (unreliable) ...
  ... Passed --  42.9  5 4193  796602  474
Test (2C): churn ...
  ... Passed --  20.3  5 2368  729735  787
Test (2C): unreliable churn ...
  ... Passed --  16.3  5 1559  417660  378
PASS
ok  	6.824/raft	165.056s
Test (2C): basic persistence ...
  ... Passed --  13.1  3  270   30915    9
Test (2C): more persistence ...
  ... Passed --  37.4  5 1813  187276   25
Test (2C): partitioned leader and one follower crash, leader restarts ...
  ... Passed --   7.0  3  142   16424    6
Test (2C): Figure 8 ...
  ... Passed --  33.4  5 1232  255916   35
Test (2C): unreliable agreement ...
  ... Passed --   2.2  5  457  125992  246
Test (2C): Figure 8 (unreliable) ...
  ... Passed --  37.1  5 3537  528086  248
Test (2C): churn ...
  ... Passed --  17.8  5 1844  478311  651
Test (2C): unreliable churn ...
  ... Passed --  16.1  5 1555  413036  418
PASS
ok  	6.824/raft	164.188s
Test (2C): basic persistence ...
  ... Passed --  10.2  3  210   23904    6
Test (2C): more persistence ...
  ... Passed --  33.1  5 1657  173241   23
Test (2C): partitioned leader and one follower crash, leader restarts ...
  ... Passed --   6.6  3  129   14961    6
Test (2C): Figure 8 ...
  ... Passed --  33.8  5 1250  271959   40
Test (2C): unreliable agreement ...
  ... Passed --   2.2  5  464  129146  246
Test (2C): Figure 8 (unreliable) ...
  ... Passed --  35.2  5 3477  480180  116
Test (2C): churn ...
  ... Passed --  16.5  5 3068  872207  897
Test (2C): unreliable churn ...
  ... Passed --  16.1  5 2161  499383  457
PASS
ok  	6.824/raft	153.740s
Test (2C): basic persistence ...
  ... Passed --   7.1  3  155   19659    7
Test (2C): more persistence ...
  ... Passed --  30.4  5 1537  162178   22
Test (2C): partitioned leader and one follower crash, leader restarts ...
  ... Passed --   7.2  3  144   16366    6
Test (2C): Figure 8 ...
  ... Passed --  35.0  5 1345  264136   32
Test (2C): unreliable agreement ...
  ... Passed --   2.3  5  469  130017  246
Test (2C): Figure 8 (unreliable) ...
  ... Passed --  35.3  5 3130  488476  722
Test (2C): churn ...
  ... Passed --  16.4  5 1213  265244  298
Test (2C): unreliable churn ...
  ... Passed --  16.1  5 1482  338521  366
PASS
ok  	6.824/raft	150.005s
Test (2C): basic persistence ...
  ... Passed --  10.2  3  214   25009    7
Test (2C): more persistence ...
  ... Passed --  33.6  5 1654  170545   23
Test (2C): partitioned leader and one follower crash, leader restarts ...
  ... Passed --   4.2  3   87   11021    5
Test (2C): Figure 8 ...
  ... Passed --  38.9  5 1433  334865   48
Test (2C): unreliable agreement ...
  ... Passed --   2.2  5  439  121809  246
Test (2C): Figure 8 (unreliable) ...
  ... Passed --  28.6  5 2211  271674  416
Test (2C): churn ...
  ... Passed --  16.2  5 1951  562243  651
Test (2C): unreliable churn ...
  ... Passed --  16.2  5 1414  412000  322
PASS
ok  	6.824/raft	150.193s
Test (2C): basic persistence ...
  ... Passed --   7.1  3  148   18705    6
Test (2C): more persistence ...
  ... Passed --  37.5  5 1826  190572   26
Test (2C): partitioned leader and one follower crash, leader restarts ...
  ... Passed --   2.4  3   50    7380    4
Test (2C): Figure 8 ...
  ... Passed --  37.7  5 1422  329855   45
Test (2C): unreliable agreement ...
  ... Passed --   2.3  5  470  129888  246
Test (2C): Figure 8 (unreliable) ...
  ... Passed --  38.9  5 3677  580235  283
Test (2C): churn ...
  ... Passed --  16.2  5 2537  763971  961
Test (2C): unreliable churn ...
  ... Passed --  16.1  5 2210  602427  593
PASS
ok  	6.824/raft	158.195s
Test (2C): basic persistence ...
  ... Passed --  10.5  3  212   23867    6
Test (2C): more persistence ...
  ... Passed --  32.5  5 1626  171201   24
Test (2C): partitioned leader and one follower crash, leader restarts ...
  ... Passed --   6.8  3  134   15580    6
Test (2C): Figure 8 ...
  ... Passed --  34.5  5 1280  277516   36
Test (2C): unreliable agreement ...
  ... Passed --   2.3  5  480  132271  246
Test (2C): Figure 8 (unreliable) ...
  ... Passed --  35.4  5 3510  475487   11
Test (2C): churn ...
  ... Passed --  16.3  5 1963  485769  604
Test (2C): unreliable churn ...
  ... Passed --  19.0  5 1874  477447  462
PASS
ok  	6.824/raft	157.303s
Test (2C): basic persistence ...
  ... Passed --   9.5  3  197   22902    7
Test (2C): more persistence ...
  ... Passed --  26.9  5 1402  150682   21
Test (2C): partitioned leader and one follower crash, leader restarts ...
  ... Passed --   6.7  3  133   15405    6
Test (2C): Figure 8 ...
  ... Passed --  28.6  5 1093  213605   31
Test (2C): unreliable agreement ...
  ... Passed --   4.3  5  539  133829  246
Test (2C): Figure 8 (unreliable) ...
  ... Passed --  30.4  5 2910  475382   55
Test (2C): churn ...
  ... Passed --  16.2  5 3025 1065594  949
Test (2C): unreliable churn ...
  ... Passed --  16.2  5 1390  341108  309
PASS
ok  	6.824/raft	138.790s
Test (2C): basic persistence ...
  ... Passed --  16.0  3  313   33752    8
Test (2C): more persistence ...
  ... Passed --  40.0  5 1903  196215   25
Test (2C): partitioned leader and one follower crash, leader restarts ...
  ... Passed --   2.2  3   46    7064    4
Test (2C): Figure 8 ...
  ... Passed --  35.3  5 1348  289667   37
Test (2C): unreliable agreement ...
  ... Passed --   2.1  5  447  123662  246
Test (2C): Figure 8 (unreliable) ...
  ... Passed --  34.0  5 3048  410994   99
Test (2C): churn ...
  ... Passed --  16.5  5 2237  759359  839
Test (2C): unreliable churn ...
  ... Passed --  16.5  5 1951  504935  538
PASS
ok  	6.824/raft	162.540s
Test (2C): basic persistence ...
  ... Passed --  17.0  3  342   37347    9
Test (2C): more persistence ...
  ... Passed --  29.4  5 1507  156916   21
Test (2C): partitioned leader and one follower crash, leader restarts ...
  ... Passed --   4.0  3   82   10630    5
Test (2C): Figure 8 ...
  ... Passed --  25.7  5  975  208248   32
Test (2C): unreliable agreement ...
  ... Passed --   4.5  5  582  145819  251
Test (2C): Figure 8 (unreliable) ...
  ... Passed --  35.7  5 3087  416773  427
Test (2C): churn ...
  ... Passed --  16.1  5 2451  709598  815
Test (2C): unreliable churn ...
  ... Passed --  20.0  5 2153  542194  490
PASS
ok  	6.824/raft	152.543s
Test (2C): basic persistence ...
  ... Passed --   7.9  3  170   21352    7
Test (2C): more persistence ...
  ... Passed --  27.7  5 1448  151720   20
Test (2C): partitioned leader and one follower crash, leader restarts ...
  ... Passed --   4.1  3   83   10713    5
Test (2C): Figure 8 ...
  ... Passed --  33.1  5 1270  299303   46
Test (2C): unreliable agreement ...
  ... Passed --   2.3  5  491  134873  246
Test (2C): Figure 8 (unreliable) ...
  ... Passed --  33.1  5 2738  355880   78
Test (2C): churn ...
  ... Passed --  16.4  5 2752  828743 1023
Test (2C): unreliable churn ...
  ... Passed --  16.2  5 2092  540952  474
PASS
ok  	6.824/raft	140.934s
Test (2C): basic persistence ...
  ... Passed --   6.8  3  145   18558    6
Test (2C): more persistence ...
  ... Passed --  36.0  5 1758  182264   24
Test (2C): partitioned leader and one follower crash, leader restarts ...
  ... Passed --   8.1  3  161   18166    7
Test (2C): Figure 8 ...
  ... Passed --  31.2  5 1171  260890   39
Test (2C): unreliable agreement ...
  ... Passed --   2.5  5  508  137397  246
Test (2C): Figure 8 (unreliable) ...
  ... Passed --  33.2  5 3219  522551   61
Test (2C): churn ...
  ... Passed --  16.2  5 1694  517809  505
Test (2C): unreliable churn ...
  ... Passed --  16.4  5 1894  431799  437
PASS
ok  	6.824/raft	150.427s
Test (2C): basic persistence ...
  ... Passed --  13.4  3  269   29869    7
Test (2C): more persistence ...
  ... Passed --  22.0  5 1227  130935   18
Test (2C): partitioned leader and one follower crash, leader restarts ...
  ... Passed --   3.4  3   71    9545    5
Test (2C): Figure 8 ...
  ... Passed --  32.4  5 1207  238346   32
Test (2C): unreliable agreement ...
  ... Passed --   2.3  5  479  132007  246
Test (2C): Figure 8 (unreliable) ...
  ... Passed --  34.2  5 3473  518558  118
Test (2C): churn ...
  ... Passed --  19.0  5 2823  846695  879
Test (2C): unreliable churn ...
  ... Passed --  16.4  5 1885  437116  480
PASS
ok  	6.824/raft	143.285s
Test (2C): basic persistence ...
  ... Passed --   7.8  3  171   20912    7
Test (2C): more persistence ...
  ... Passed --  37.8  5 1811  186859   25
Test (2C): partitioned leader and one follower crash, leader restarts ...
  ... Passed --   5.1  3  103   12369    5
Test (2C): Figure 8 ...
  ... Passed --  30.7  5 1136  229655   28
Test (2C): unreliable agreement ...
  ... Passed --   2.2  5  449  125731  246
Test (2C): Figure 8 (unreliable) ...
  ... Passed --  34.3  5 3232  438671  138
Test (2C): churn ...
  ... Passed --  17.0  5 1531  233545  134
Test (2C): unreliable churn ...
  ... Passed --  21.2  5 1563  269049  208
PASS
ok  	6.824/raft	156.213s
Test (2C): basic persistence ...
  ... Passed --  16.6  3  325   34617    8
Test (2C): more persistence ...
  ... Passed --  29.3  5 1498  155155   20
Test (2C): partitioned leader and one follower crash, leader restarts ...
  ... Passed --   8.0  3  156   18098    7
Test (2C): Figure 8 ...
  ... Passed --  33.5  5 1313  276694   37
Test (2C): unreliable agreement ...
  ... Passed --   2.3  5  453  125602  246
Test (2C): Figure 8 (unreliable) ...
  ... Passed --  29.9  5 3106  392853  103
Test (2C): churn ...
  ... Passed --  17.6  5 3049  978532 1122
Test (2C): unreliable churn ...
  ... Passed --  18.8  5 2189  504020  575
PASS
ok  	6.824/raft	156.060s
Test (2C): basic persistence ...
  ... Passed --  13.8  3  280   31063    8
Test (2C): more persistence ...
  ... Passed --  31.7  5 1601  167163   23
Test (2C): partitioned leader and one follower crash, leader restarts ...
  ... Passed --   6.0  3  123   14565    6
Test (2C): Figure 8 ...
  ... Passed --  34.0  5 1264  267045   38
Test (2C): unreliable agreement ...
  ... Passed --   2.2  5  443  123487  246
Test (2C): Figure 8 (unreliable) ...
  ... Passed --  41.4  5 3919  607089   94
Test (2C): churn ...
  ... Passed --  16.2  5 2857 1001093 1044
Test (2C): unreliable churn ...
  ... Passed --  16.1  5 2599  643569  670
PASS
ok  	6.824/raft	161.436s
Test (2C): basic persistence ...
  ... Passed --   7.5  3  159   19538    6
Test (2C): more persistence ...
  ... Passed --  32.6  5 1635  170744   23
Test (2C): partitioned leader and one follower crash, leader restarts ...
  ... Passed --   5.0  3  105   12737    5
Test (2C): Figure 8 ...
  ... Passed --  30.7  5 1110  238098   36
Test (2C): unreliable agreement ...
  ... Passed --   2.3  5  479  133421  246
Test (2C): Figure 8 (unreliable) ...
  ... Passed --  35.3  5 3423  459420  132
Test (2C): churn ...
  ... Passed --  16.4  5 1661  538306  613
Test (2C): unreliable churn ...
  ... Passed --  19.1  5 2400  652454  624
PASS
ok  	6.824/raft	148.907s
Test (2C): basic persistence ...
  ... Passed --  12.5  3  242   26723    7
Test (2C): more persistence ...
  ... Passed --  35.1  5 1762  180987   24
Test (2C): partitioned leader and one follower crash, leader restarts ...
  ... Passed --   7.4  3  151   17206    7
Test (2C): Figure 8 ...
  ... Passed --  31.1  5 1145  238915   32
Test (2C): unreliable agreement ...
  ... Passed --   4.2  5  536  133980  246
Test (2C): Figure 8 (unreliable) ...
  ... Passed --  37.5  5 3499  458916   23
Test (2C): churn ...
  ... Passed --  16.2  5 2791  824377  943
Test (2C): unreliable churn ...
  ... Passed --  16.1  5 1855  393234  398
PASS
ok  	6.824/raft	160.131s
Test (2C): basic persistence ...
  ... Passed --   9.5  3  191   21851    6
Test (2C): more persistence ...
  ... Passed --  33.9  5 1684  175106   23
Test (2C): partitioned leader and one follower crash, leader restarts ...
  ... Passed --   5.5  3  112   13626    6
Test (2C): Figure 8 ...
  ... Passed --  33.1  5 1249  266047   40
Test (2C): unreliable agreement ...
  ... Passed --   2.4  5  491  133286  246
Test (2C): Figure 8 (unreliable) ...
  ... Passed --  38.6  5 3899  609247  324
Test (2C): churn ...
  ... Passed --  20.7  5 2216  559837  668
Test (2C): unreliable churn ...
  ... Passed --  17.7  5 1707  431187  480
PASS
ok  	6.824/raft	161.462s
Test (2C): basic persistence ...
  ... Passed --   9.6  3  204   24679    8
Test (2C): more persistence ...
  ... Passed --  38.6  5 1887  198167   26
Test (2C): partitioned leader and one follower crash, leader restarts ...
  ... Passed --   6.0  3  120   14318    6
Test (2C): Figure 8 ...
  ... Passed --  29.5  5 1150  250825   33
Test (2C): unreliable agreement ...
  ... Passed --   2.2  5  456  124592  246
Test (2C): Figure 8 (unreliable) ...
  ... Passed --  30.1  5 2727  356995  241
Test (2C): churn ...
  ... Passed --  19.9  5 2614  790341  805
Test (2C): unreliable churn ...
  ... Passed --  20.4  5 1743  365429  353
PASS
ok  	6.824/raft	156.244s
Test (2C): basic persistence ...
  ... Passed --   9.4  3  202   24104    7
Test (2C): more persistence ...
  ... Passed --  21.4  5 1231  132379   18
Test (2C): partitioned leader and one follower crash, leader restarts ...
  ... Passed --   1.8  3   38    6368    4
Test (2C): Figure 8 ...
  ... Passed --  38.5  5 1455  298999   41
Test (2C): unreliable agreement ...
  ... Passed --   4.2  5  530  132230  246
Test (2C): Figure 8 (unreliable) ...
  ... Passed --  36.2  5 2973  393233   54
Test (2C): churn ...
  ... Passed --  16.2  5 3173 1071699 1048
Test (2C): unreliable churn ...
  ... Passed --  16.1  5 2287  593072  620
PASS
ok  	6.824/raft	143.825s
Test (2C): basic persistence ...
  ... Passed --   7.9  3  165   20446    7
Test (2C): more persistence ...
  ... Passed --  35.4  5 1744  181972   24
Test (2C): partitioned leader and one follower crash, leader restarts ...
  ... Passed --   6.5  3  130   15232    6
Test (2C): Figure 8 ...
  ... Passed --  33.9  5 1193  250517   37
Test (2C): unreliable agreement ...
  ... Passed --   4.3  5  559  139159  246
Test (2C): Figure 8 (unreliable) ...
  ... Passed --  38.9  5 3102  439202  478
Test (2C): churn ...
  ... Passed --  16.3  5 2083  691428  631
Test (2C): unreliable churn ...
  ... Passed --  16.2  5 1977  543883  541
PASS
ok  	6.824/raft	159.547s
Test (2C): basic persistence ...
  ... Passed --   8.0  3  171   20986    6
Test (2C): more persistence ...
  ... Passed --  25.0  5 1343  141030   19
Test (2C): partitioned leader and one follower crash, leader restarts ...
  ... Passed --   3.6  3   77   10151    5
Test (2C): Figure 8 ...
  ... Passed --  32.2  5 1157  227200   30
Test (2C): unreliable agreement ...
  ... Passed --   2.1  5  443  122518  246
Test (2C): Figure 8 (unreliable) ...
  ... Passed --  35.0  5 3290  519886   69
Test (2C): churn ...
  ... Passed --  16.2  5 2589  782835  902
Test (2C): unreliable churn ...
  ... Passed --  16.2  5 1391  255176  203
PASS
ok  	6.824/raft	138.330s
Test (2C): basic persistence ...
  ... Passed --  13.4  3  272   30841    8
Test (2C): more persistence ...
  ... Passed --  28.0  5 1473  154126   20
Test (2C): partitioned leader and one follower crash, leader restarts ...
  ... Passed --   1.6  3   37    6237    4
Test (2C): Figure 8 ...
  ... Passed --  29.1  5 1130  269426   42
Test (2C): unreliable agreement ...
  ... Passed --   2.4  5  499  136869  246
Test (2C): Figure 8 (unreliable) ...
  ... Passed --  35.2  5 3591  502568  259
Test (2C): churn ...
  ... Passed --  17.3  5 2457  580986  433
Test (2C): unreliable churn ...
  ... Passed --  19.2  5 1782  418783  348
PASS
ok  	6.824/raft	146.272s
Test (2C): basic persistence ...
  ... Passed --  12.5  3  256   28848    8
Test (2C): more persistence ...
  ... Passed --  32.3  5 1604  166306   22
Test (2C): partitioned leader and one follower crash, leader restarts ...
  ... Passed --   8.4  3  164   18620    7
Test (2C): Figure 8 ...
  ... Passed --  25.7  5  944  191956   30
Test (2C): unreliable agreement ...
  ... Passed --   2.2  5  445  123664  246
Test (2C): Figure 8 (unreliable) ...
  ... Passed --  33.2  5 3213  565722  593
Test (2C): churn ...
  ... Passed --  18.3  5 2675  808959  932
Test (2C): unreliable churn ...
  ... Passed --  16.3  5 1822  393772  314
PASS
ok  	6.824/raft	148.850s
Test (2C): basic persistence ...
  ... Passed --   6.3  3  155   20584    6
Test (2C): more persistence ...
  ... Passed --  31.3  5 1592  166373   23
Test (2C): partitioned leader and one follower crash, leader restarts ...
  ... Passed --   3.3  3   66    8728    4
Test (2C): Figure 8 ...
  ... Passed --  37.2  5 1461  321021   42
Test (2C): unreliable agreement ...
  ... Passed --   2.2  5  452  126199  246
Test (2C): Figure 8 (unreliable) ...
  ... Passed --  42.4  5 4050  542532  412
Test (2C): churn ...
  ... Passed --  16.1  5 3412 1103537 1056
Test (2C): unreliable churn ...
  ... Passed --  16.1  5 2018  537827  552
PASS
ok  	6.824/raft	155.058s
Test (2C): basic persistence ...
  ... Passed --  14.7  3  292   32417    9
Test (2C): more persistence ...
  ... Passed --  36.4  5 1788  185929   24
Test (2C): partitioned leader and one follower crash, leader restarts ...
  ... Passed --   5.9  3  119   14191    6
Test (2C): Figure 8 ...
  ... Passed --  30.6  5 1151  254229   39
Test (2C): unreliable agreement ...
  ... Passed --   2.1  5  448  123486  246
Test (2C): Figure 8 (unreliable) ...
  ... Passed --  41.4  5 4212  680776  253
Test (2C): churn ...
  ... Passed --  17.0  5 2519  737467  865
Test (2C): unreliable churn ...
  ... Passed --  16.4  5 1486  332699  395
PASS
ok  	6.824/raft	164.651s
Test (2C): basic persistence ...
  ... Passed --  12.7  3  253   28088    7
Test (2C): more persistence ...
  ... Passed --  38.3  5 1842  191607   26
Test (2C): partitioned leader and one follower crash, leader restarts ...
  ... Passed --   6.6  3  133   15453    6
Test (2C): Figure 8 ...
  ... Passed --  33.6  5 1264  270988   35
Test (2C): unreliable agreement ...
  ... Passed --   2.4  5  479  130773  246
Test (2C): Figure 8 (unreliable) ...
  ... Passed --  37.2  5 3422  578861   27
Test (2C): churn ...
  ... Passed --  16.1  5 2422  820774  833
Test (2C): unreliable churn ...
  ... Passed --  16.1  5 1975  605597  491
PASS
ok  	6.824/raft	163.169s
Test (2C): basic persistence ...
  ... Passed --  12.4  3  259   30072    9
Test (2C): more persistence ...
  ... Passed --  32.4  5 1638  172990   23
Test (2C): partitioned leader and one follower crash, leader restarts ...
  ... Passed --   5.1  3  102   12330    5
Test (2C): Figure 8 ...
  ... Passed --  30.8  5 1184  259769   35
Test (2C): unreliable agreement ...
  ... Passed --   2.4  5  472  128448  246
Test (2C): Figure 8 (unreliable) ...
  ... Passed --  39.5  5 3532  570238  429
Test (2C): churn ...
  ... Passed --  16.5  5 3043 1202336  876
Test (2C): unreliable churn ...
  ... Passed --  18.5  5 1816  499178  463
PASS
ok  	6.824/raft	157.668s
Test (2C): basic persistence ...
  ... Passed --  12.5  3  254   29070    9
Test (2C): more persistence ...
  ... Passed --  29.1  5 1495  156211   21
Test (2C): partitioned leader and one follower crash, leader restarts ...
  ... Passed --   5.3  3  107   12757    5
Test (2C): Figure 8 ...
  ... Passed --  33.6  5 1222  288162   45
Test (2C): unreliable agreement ...
  ... Passed --   4.3  5  542  133409  246
Test (2C): Figure 8 (unreliable) ...
  ... Passed --  40.3  5 3903  590470  341
Test (2C): churn ...
  ... Passed --  16.4  5 2075  641257  633
Test (2C): unreliable churn ...
  ... Passed --  17.3  5 2318  606107  626
PASS
ok  	6.824/raft	158.822s
Test (2C): basic persistence ...
  ... Passed --   8.7  3  183   22214    6
Test (2C): more persistence ...
  ... Passed --  29.8  5 1520  161169   22
Test (2C): partitioned leader and one follower crash, leader restarts ...
  ... Passed --   5.8  3  119   14147    6
Test (2C): Figure 8 ...
  ... Passed --  32.9  5 1270  272426   35
Test (2C): unreliable agreement ...
  ... Passed --   2.4  5  466  126843  246
Test (2C): Figure 8 (unreliable) ...
  ... Passed --  34.4  5 3167  445935  128
Test (2C): churn ...
  ... Passed --  20.3  5 2948  811370 1034
Test (2C): unreliable churn ...
  ... Passed --  19.2  5 1249  259166  217
PASS
ok  	6.824/raft	153.507s
Test (2C): basic persistence ...
  ... Passed --  11.8  3  230   25476    6
Test (2C): more persistence ...
  ... Passed --  37.0  5 1799  184698   24
Test (2C): partitioned leader and one follower crash, leader restarts ...
  ... Passed --   5.1  3  102   12330    5
Test (2C): Figure 8 ...
  ... Passed --  28.6  5 1072  218432   32
Test (2C): unreliable agreement ...
  ... Passed --   2.4  5  481  131578  246
Test (2C): Figure 8 (unreliable) ...
  ... Passed --  32.6  5 3080  414311   84
Test (2C): churn ...
  ... Passed --  16.1  5 1567  381750  294
Test (2C): unreliable churn ...
  ... Passed --  16.2  5 1410  323495  352
PASS
ok  	6.824/raft	149.883s
