Test: Basic leave/join ...
Leader of term 1 is 1
0 [1] [[x y z]]
{1 [1 1 1 1 1 1 1 1 1 1] map[1:[x y z]]}
0 [2] [[a b c]]
{2 [1 1 1 1 1 2 2 2 2 2] map[1:[x y z] 2:[a b c]]}
1 [ 1]
{3 [2 2 2 2 2 2 2 2 2 2] map[2:[a b c]]}
1 [ 2]
{4 [0 0 0 0 0 0 0 0 0 0] map[]}
  ... Passed
Test: Historical queries ...
Leader of term 3 is 2
Leader of term 4 is 0
  ... Passed
Test: Move ...
0 [503] [[3a 3b 3c]]
{5 [503 503 503 503 503 503 503 503 503 503] map[503:[3a 3b 3c]]}
0 [504] [[4a 4b 4c]]
{6 [503 503 503 503 503 504 504 504 504 504] map[503:[3a 3b 3c] 504:[4a 4b 4c]]}
{7 [503 503 503 503 503 504 504 504 504 504] map[503:[3a 3b 3c] 504:[4a 4b 4c]]}
{8 [503 503 503 503 503 504 504 504 504 504] map[503:[3a 3b 3c] 504:[4a 4b 4c]]}
{9 [503 503 503 503 503 504 504 504 504 504] map[503:[3a 3b 3c] 504:[4a 4b 4c]]}
{10 [503 503 503 503 503 504 504 504 504 504] map[503:[3a 3b 3c] 504:[4a 4b 4c]]}
{11 [503 503 503 503 503 504 504 504 504 504] map[503:[3a 3b 3c] 504:[4a 4b 4c]]}
{12 [503 503 503 503 503 504 504 504 504 504] map[503:[3a 3b 3c] 504:[4a 4b 4c]]}
{13 [503 503 503 503 503 504 504 504 504 504] map[503:[3a 3b 3c] 504:[4a 4b 4c]]}
{14 [503 503 503 503 503 504 504 504 504 504] map[503:[3a 3b 3c] 504:[4a 4b 4c]]}
{15 [503 503 503 503 503 504 504 504 504 504] map[503:[3a 3b 3c] 504:[4a 4b 4c]]}
{16 [503 503 503 503 503 504 504 504 504 504] map[503:[3a 3b 3c] 504:[4a 4b 4c]]}
1 [ 503]
{17 [504 504 504 504 504 504 504 504 504 504] map[504:[4a 4b 4c]]}
1 [ 504]
{18 [0 0 0 0 0 0 0 0 0 0] map[]}
  ... Passed
Test: Concurrent leave/join ...
0 [1190] [[s190a]]
{19 [1190 1190 1190 1190 1190 1190 1190 1190 1190 1190] map[1190:[s190a]]}
0 [1140] [[s140a]]
{20 [1190 1190 1190 1190 1190 1140 1140 1140 1140 1140] map[1140:[s140a] 1190:[s190a]]}
0 [1130] [[s130a]]
{21 [1190 1190 1190 1130 1130 1140 1140 1140 1140 1130] map[1130:[s130a] 1140:[s140a] 1190:[s190a]]}
0 [1160] [[s160a]]
{22 [1190 1190 1160 1130 1130 1140 1140 1140 1160 1130] map[1130:[s130a] 1140:[s140a] 1160:[s160a] 1190:[s190a]]}
0 [1180] [[s180a]]
{23 [1190 1190 1160 1130 1130 1140 1140 1180 1160 1180] map[1130:[s130a] 1140:[s140a] 1160:[s160a] 1180:[s180a] 1190:[s190a]]}
0 [1120] [[s120a]]
{24 [1190 1120 1160 1130 1130 1140 1140 1180 1160 1180] map[1120:[s120a] 1130:[s130a] 1140:[s140a] 1160:[s160a] 1180:[s180a] 1190:[s190a]]}
0 [1100] [[s100a]]
{25 [1190 1120 1160 1130 1100 1140 1140 1180 1160 1180] map[1100:[s100a] 1120:[s120a] 1130:[s130a] 1140:[s140a] 1160:[s160a] 1180:[s180a] 1190:[s190a]]}
0 [1150] [[s150a]]
{26 [1190 1120 1160 1130 1100 1140 1150 1180 1160 1180] map[1100:[s100a] 1120:[s120a] 1130:[s130a] 1140:[s140a] 1150:[s150a] 1160:[s160a] 1180:[s180a] 1190:[s190a]]}
0 [1110] [[s110a]]
{27 [1190 1120 1160 1130 1100 1140 1150 1180 1110 1180] map[1100:[s100a] 1110:[s110a] 1120:[s120a] 1130:[s130a] 1140:[s140a] 1150:[s150a] 1160:[s160a] 1180:[s180a] 1190:[s190a]]}
0 [1170] [[s170a]]
{28 [1190 1120 1160 1130 1100 1140 1150 1180 1110 1170] map[1100:[s100a] 1110:[s110a] 1120:[s120a] 1130:[s130a] 1140:[s140a] 1150:[s150a] 1160:[s160a] 1170:[s170a] 1180:[s180a] 1190:[s190a]]}
0 [140] [[s140b]]
{29 [1190 1120 1160 1130 1100 1140 1150 1180 1110 1170] map[140:[s140b] 1100:[s100a] 1110:[s110a] 1120:[s120a] 1130:[s130a] 1140:[s140a] 1150:[s150a] 1160:[s160a] 1170:[s170a] 1180:[s180a] 1190:[s190a]]}
0 [190] [[s190b]]
{30 [1190 1120 1160 1130 1100 1140 1150 1180 1110 1170] map[140:[s140b] 190:[s190b] 1100:[s100a] 1110:[s110a] 1120:[s120a] 1130:[s130a] 1140:[s140a] 1150:[s150a] 1160:[s160a] 1170:[s170a] 1180:[s180a] 1190:[s190a]]}
0 [130] [[s130b]]
{31 [1190 1120 1160 1130 1100 1140 1150 1180 1110 1170] map[130:[s130b] 140:[s140b] 190:[s190b] 1100:[s100a] 1110:[s110a] 1120:[s120a] 1130:[s130a] 1140:[s140a] 1150:[s150a] 1160:[s160a] 1170:[s170a] 1180:[s180a] 1190:[s190a]]}
0 [180] [[s180b]]
{32 [1190 1120 1160 1130 1100 1140 1150 1180 1110 1170] map[130:[s130b] 140:[s140b] 180:[s180b] 190:[s190b] 1100:[s100a] 1110:[s110a] 1120:[s120a] 1130:[s130a] 1140:[s140a] 1150:[s150a] 1160:[s160a] 1170:[s170a] 1180:[s180a] 1190:[s190a]]}
0 [160] [[s160b]]
{33 [1190 1120 1160 1130 1100 1140 1150 1180 1110 1170] map[130:[s130b] 140:[s140b] 160:[s160b] 180:[s180b] 190:[s190b] 1100:[s100a] 1110:[s110a] 1120:[s120a] 1130:[s130a] 1140:[s140a] 1150:[s150a] 1160:[s160a] 1170:[s170a] 1180:[s180a] 1190:[s190a]]}
0 [100] [[s100b]]
{34 [1190 1120 1160 1130 1100 1140 1150 1180 1110 1170] map[100:[s100b] 130:[s130b] 140:[s140b] 160:[s160b] 180:[s180b] 190:[s190b] 1100:[s100a] 1110:[s110a] 1120:[s120a] 1130:[s130a] 1140:[s140a] 1150:[s150a] 1160:[s160a] 1170:[s170a] 1180:[s180a] 1190:[s190a]]}
0 [120] [[s120b]]
{35 [1190 1120 1160 1130 1100 1140 1150 1180 1110 1170] map[100:[s100b] 120:[s120b] 130:[s130b] 140:[s140b] 160:[s160b] 180:[s180b] 190:[s190b] 1100:[s100a] 1110:[s110a] 1120:[s120a] 1130:[s130a] 1140:[s140a] 1150:[s150a] 1160:[s160a] 1170:[s170a] 1180:[s180a] 1190:[s190a]]}
0 [110] [[s110b]]
{36 [1190 1120 1160 1130 1100 1140 1150 1180 1110 1170] map[100:[s100b] 110:[s110b] 120:[s120b] 130:[s130b] 140:[s140b] 160:[s160b] 180:[s180b] 190:[s190b] 1100:[s100a] 1110:[s110a] 1120:[s120a] 1130:[s130a] 1140:[s140a] 1150:[s150a] 1160:[s160a] 1170:[s170a] 1180:[s180a] 1190:[s190a]]}
0 [170] [[s170b]]
{37 [1190 1120 1160 1130 1100 1140 1150 1180 1110 1170] map[100:[s100b] 110:[s110b] 120:[s120b] 130:[s130b] 140:[s140b] 160:[s160b] 170:[s170b] 180:[s180b] 190:[s190b] 1100:[s100a] 1110:[s110a] 1120:[s120a] 1130:[s130a] 1140:[s140a] 1150:[s150a] 1160:[s160a] 1170:[s170a] 1180:[s180a] 1190:[s190a]]}
0 [150] [[s150b]]
{38 [1190 1120 1160 1130 1100 1140 1150 1180 1110 1170] map[100:[s100b] 110:[s110b] 120:[s120b] 130:[s130b] 140:[s140b] 150:[s150b] 160:[s160b] 170:[s170b] 180:[s180b] 190:[s190b] 1100:[s100a] 1110:[s110a] 1120:[s120a] 1130:[s130a] 1140:[s140a] 1150:[s150a] 1160:[s160a] 1170:[s170a] 1180:[s180a] 1190:[s190a]]}
1 [ 1190]
{39 [1120 1120 1160 1130 1100 1140 1150 1180 1110 1170] map[100:[s100b] 110:[s110b] 120:[s120b] 130:[s130b] 140:[s140b] 150:[s150b] 160:[s160b] 170:[s170b] 180:[s180b] 190:[s190b] 1100:[s100a] 1110:[s110a] 1120:[s120a] 1130:[s130a] 1140:[s140a] 1150:[s150a] 1160:[s160a] 1170:[s170a] 1180:[s180a]]}
1 [ 1140]
{40 [1120 1120 1160 1130 1100 1160 1150 1180 1110 1170] map[100:[s100b] 110:[s110b] 120:[s120b] 130:[s130b] 140:[s140b] 150:[s150b] 160:[s160b] 170:[s170b] 180:[s180b] 190:[s190b] 1100:[s100a] 1110:[s110a] 1120:[s120a] 1130:[s130a] 1150:[s150a] 1160:[s160a] 1170:[s170a] 1180:[s180a]]}
1 [ 1130]
{41 [1120 1120 1160 1100 1100 1160 1150 1180 1110 1170] map[100:[s100b] 110:[s110b] 120:[s120b] 130:[s130b] 140:[s140b] 150:[s150b] 160:[s160b] 170:[s170b] 180:[s180b] 190:[s190b] 1100:[s100a] 1110:[s110a] 1120:[s120a] 1150:[s150a] 1160:[s160a] 1170:[s170a] 1180:[s180a]]}
1 [ 1160]
{42 [1120 1120 1180 1100 1100 1150 1150 1180 1110 1170] map[100:[s100b] 110:[s110b] 120:[s120b] 130:[s130b] 140:[s140b] 150:[s150b] 160:[s160b] 170:[s170b] 180:[s180b] 190:[s190b] 1100:[s100a] 1110:[s110a] 1120:[s120a] 1150:[s150a] 1170:[s170a] 1180:[s180a]]}
1 [ 1110]
{43 [1120 1120 1180 1100 1100 1150 1150 1180 1170 1170] map[100:[s100b] 110:[s110b] 120:[s120b] 130:[s130b] 140:[s140b] 150:[s150b] 160:[s160b] 170:[s170b] 180:[s180b] 190:[s190b] 1100:[s100a] 1120:[s120a] 1150:[s150a] 1170:[s170a] 1180:[s180a]]}
1 [ 1120]
{44 [1100 1180 1180 1100 1100 1150 1150 1180 1170 1170] map[100:[s100b] 110:[s110b] 120:[s120b] 130:[s130b] 140:[s140b] 150:[s150b] 160:[s160b] 170:[s170b] 180:[s180b] 190:[s190b] 1100:[s100a] 1150:[s150a] 1170:[s170a] 1180:[s180a]]}
1 [ 1100]
{45 [1180 1180 1180 1170 1150 1150 1150 1180 1170 1170] map[100:[s100b] 110:[s110b] 120:[s120b] 130:[s130b] 140:[s140b] 150:[s150b] 160:[s160b] 170:[s170b] 180:[s180b] 190:[s190b] 1150:[s150a] 1170:[s170a] 1180:[s180a]]}
1 [ 1180]
{46 [1170 1150 1150 1170 1150 1150 1150 1170 1170 1170] map[100:[s100b] 110:[s110b] 120:[s120b] 130:[s130b] 140:[s140b] 150:[s150b] 160:[s160b] 170:[s170b] 180:[s180b] 190:[s190b] 1150:[s150a] 1170:[s170a]]}
1 [ 1170]
{47 [1150 1150 1150 1150 1150 1150 1150 1150 1150 1150] map[100:[s100b] 110:[s110b] 120:[s120b] 130:[s130b] 140:[s140b] 150:[s150b] 160:[s160b] 170:[s170b] 180:[s180b] 190:[s190b] 1150:[s150a]]}
1 [ 1150]
{48 [0 0 0 0 0 0 0 0 0 0] map[100:[s100b] 110:[s110b] 120:[s120b] 130:[s130b] 140:[s140b] 150:[s150b] 160:[s160b] 170:[s170b] 180:[s180b] 190:[s190b]]}
--- FAIL: TestBasic (2.19s)
    test_test.go:31: shard 0 -> invalid group 0
Test: Multi-group join/leave ...
Leader of term 1 is 0
0 [2 1] [[a b c] [x y z]]
{1 [2 2 2 2 2 1 1 1 1 1] map[1:[x y z] 2:[a b c]]}
0 [3] [[j k l]]
{2 [2 2 2 3 3 1 1 1 1 3] map[1:[x y z] 2:[a b c] 3:[j k l]]}
1 [ 1  3]
{3 [2 2 2 2 2 2 2 2 2 2] map[2:[a b c]]}
1 [ 2]
{4 [0 0 0 0 0 0 0 0 0 0] map[]}
  ... Passed
Test: Concurrent multi leave/join ...
0 [1001 2001 3001] [[1001a 1001b 1001c] [2001a] [3001a]]
{5 [1001 1001 1001 3001 3001 2001 2001 2001 2001 3001] map[1001:[1001a 1001b 1001c] 2001:[2001a] 3001:[3001a]]}
0 [3000 1000 2000] [[3000a] [1000a 1000b 1000c] [2000a]]
{6 [1001 2000 3000 3001 3001 2001 2001 1000 3000 1000] map[1000:[1000a 1000b 1000c] 1001:[1001a 1001b 1001c] 2000:[2000a] 2001:[2001a] 3000:[3000a] 3001:[3001a]]}
0 [3007 1007 2007] [[3007a] [1007a 1007b 1007c] [2007a]]
{7 [1001 2000 3000 3001 3007 2001 1007 1000 2007 1000] map[1000:[1000a 1000b 1000c] 1001:[1001a 1001b 1001c] 1007:[1007a 1007b 1007c] 2000:[2000a] 2001:[2001a] 2007:[2007a] 3000:[3000a] 3001:[3001a] 3007:[3007a]]}
0 [2008 3008 1008] [[2008a] [3008a] [1008a 1008b 1008c]]
{8 [1001 2000 3000 3001 3007 2001 1007 1000 2007 2008] map[1000:[1000a 1000b 1000c] 1001:[1001a 1001b 1001c] 1007:[1007a 1007b 1007c] 1008:[1008a 1008b 1008c] 2000:[2000a] 2001:[2001a] 2007:[2007a] 2008:[2008a] 3000:[3000a] 3001:[3001a] 3007:[3007a] 3008:[3008a]]}
0 [1009 2009 3009] [[1009a 1009b 1009c] [2009a] [3009a]]
{9 [1001 2000 3000 3001 3007 2001 1007 1000 2007 2008] map[1000:[1000a 1000b 1000c] 1001:[1001a 1001b 1001c] 1007:[1007a 1007b 1007c] 1008:[1008a 1008b 1008c] 1009:[1009a 1009b 1009c] 2000:[2000a] 2001:[2001a] 2007:[2007a] 2008:[2008a] 2009:[2009a] 3000:[3000a] 3001:[3001a] 3007:[3007a] 3008:[3008a] 3009:[3009a]]}
0 [1005 2005 3005] [[1005a 1005b 1005c] [2005a] [3005a]]
{10 [1001 2000 3000 3001 3007 2001 1007 1000 2007 2008] map[1000:[1000a 1000b 1000c] 1001:[1001a 1001b 1001c] 1005:[1005a 1005b 1005c] 1007:[1007a 1007b 1007c] 1008:[1008a 1008b 1008c] 1009:[1009a 1009b 1009c] 2000:[2000a] 2001:[2001a] 2005:[2005a] 2007:[2007a] 2008:[2008a] 2009:[2009a] 3000:[3000a] 3001:[3001a] 3005:[3005a] 3007:[3007a] 3008:[3008a] 3009:[3009a]]}
0 [1004 2004 3004] [[1004a 1004b 1004c] [2004a] [3004a]]
{11 [1001 2000 3000 3001 3007 2001 1007 1000 2007 2008] map[1000:[1000a 1000b 1000c] 1001:[1001a 1001b 1001c] 1004:[1004a 1004b 1004c] 1005:[1005a 1005b 1005c] 1007:[1007a 1007b 1007c] 1008:[1008a 1008b 1008c] 1009:[1009a 1009b 1009c] 2000:[2000a] 2001:[2001a] 2004:[2004a] 2005:[2005a] 2007:[2007a] 2008:[2008a] 2009:[2009a] 3000:[3000a] 3001:[3001a] 3004:[3004a] 3005:[3005a] 3007:[3007a] 3008:[3008a] 3009:[3009a]]}
0 [1002 2002 3002] [[1002a 1002b 1002c] [2002a] [3002a]]
{12 [1001 2000 3000 3001 3007 2001 1007 1000 2007 2008] map[1000:[1000a 1000b 1000c] 1001:[1001a 1001b 1001c] 1002:[1002a 1002b 1002c] 1004:[1004a 1004b 1004c] 1005:[1005a 1005b 1005c] 1007:[1007a 1007b 1007c] 1008:[1008a 1008b 1008c] 1009:[1009a 1009b 1009c] 2000:[2000a] 2001:[2001a] 2002:[2002a] 2004:[2004a] 2005:[2005a] 2007:[2007a] 2008:[2008a] 2009:[2009a] 3000:[3000a] 3001:[3001a] 3002:[3002a] 3004:[3004a] 3005:[3005a] 3007:[3007a] 3008:[3008a] 3009:[3009a]]}
0 [1006 2006 3006] [[1006a 1006b 1006c] [2006a] [3006a]]
{13 [1001 2000 3000 3001 3007 2001 1007 1000 2007 2008] map[1000:[1000a 1000b 1000c] 1001:[1001a 1001b 1001c] 1002:[1002a 1002b 1002c] 1004:[1004a 1004b 1004c] 1005:[1005a 1005b 1005c] 1006:[1006a 1006b 1006c] 1007:[1007a 1007b 1007c] 1008:[1008a 1008b 1008c] 1009:[1009a 1009b 1009c] 2000:[2000a] 2001:[2001a] 2002:[2002a] 2004:[2004a] 2005:[2005a] 2006:[2006a] 2007:[2007a] 2008:[2008a] 2009:[2009a] 3000:[3000a] 3001:[3001a] 3002:[3002a] 3004:[3004a] 3005:[3005a] 3006:[3006a] 3007:[3007a] 3008:[3008a] 3009:[3009a]]}
0 [2003 3003 1003] [[2003a] [3003a] [1003a 1003b 1003c]]
{14 [1001 2000 3000 3001 3007 2001 1007 1000 2007 2008] map[1000:[1000a 1000b 1000c] 1001:[1001a 1001b 1001c] 1002:[1002a 1002b 1002c] 1003:[1003a 1003b 1003c] 1004:[1004a 1004b 1004c] 1005:[1005a 1005b 1005c] 1006:[1006a 1006b 1006c] 1007:[1007a 1007b 1007c] 1008:[1008a 1008b 1008c] 1009:[1009a 1009b 1009c] 2000:[2000a] 2001:[2001a] 2002:[2002a] 2003:[2003a] 2004:[2004a] 2005:[2005a] 2006:[2006a] 2007:[2007a] 2008:[2008a] 2009:[2009a] 3000:[3000a] 3001:[3001a] 3002:[3002a] 3003:[3003a] 3004:[3004a] 3005:[3005a] 3006:[3006a] 3007:[3007a] 3008:[3008a] 3009:[3009a]]}
1 [ 2001  3001]
{15 [1001 2000 3000 2000 3007 1001 1007 1000 2007 2008] map[1000:[1000a 1000b 1000c] 1001:[1001a 1001b 1001c] 1002:[1002a 1002b 1002c] 1003:[1003a 1003b 1003c] 1004:[1004a 1004b 1004c] 1005:[1005a 1005b 1005c] 1006:[1006a 1006b 1006c] 1007:[1007a 1007b 1007c] 1008:[1008a 1008b 1008c] 1009:[1009a 1009b 1009c] 2000:[2000a] 2002:[2002a] 2003:[2003a] 2004:[2004a] 2005:[2005a] 2006:[2006a] 2007:[2007a] 2008:[2008a] 2009:[2009a] 3000:[3000a] 3002:[3002a] 3003:[3003a] 3004:[3004a] 3005:[3005a] 3006:[3006a] 3007:[3007a] 3008:[3008a] 3009:[3009a]]}
1 [ 2007  3007]
{16 [1001 2000 3000 2000 1007 1001 1007 1000 3000 2008] map[1000:[1000a 1000b 1000c] 1001:[1001a 1001b 1001c] 1002:[1002a 1002b 1002c] 1003:[1003a 1003b 1003c] 1004:[1004a 1004b 1004c] 1005:[1005a 1005b 1005c] 1006:[1006a 1006b 1006c] 1007:[1007a 1007b 1007c] 1008:[1008a 1008b 1008c] 1009:[1009a 1009b 1009c] 2000:[2000a] 2002:[2002a] 2003:[2003a] 2004:[2004a] 2005:[2005a] 2006:[2006a] 2008:[2008a] 2009:[2009a] 3000:[3000a] 3002:[3002a] 3003:[3003a] 3004:[3004a] 3005:[3005a] 3006:[3006a] 3008:[3008a] 3009:[3009a]]}
1 [ 2000  3000]
{17 [1001 2008 2008 1000 1007 1001 1007 1000 1001 2008] map[1000:[1000a 1000b 1000c] 1001:[1001a 1001b 1001c] 1002:[1002a 1002b 1002c] 1003:[1003a 1003b 1003c] 1004:[1004a 1004b 1004c] 1005:[1005a 1005b 1005c] 1006:[1006a 1006b 1006c] 1007:[1007a 1007b 1007c] 1008:[1008a 1008b 1008c] 1009:[1009a 1009b 1009c] 2002:[2002a] 2003:[2003a] 2004:[2004a] 2005:[2005a] 2006:[2006a] 2008:[2008a] 2009:[2009a] 3002:[3002a] 3003:[3003a] 3004:[3004a] 3005:[3005a] 3006:[3006a] 3008:[3008a] 3009:[3009a]]}
1 [ 2008  3008]
{18 [1001 1001 1007 1000 1007 1001 1007 1000 1001 1000] map[1000:[1000a 1000b 1000c] 1001:[1001a 1001b 1001c] 1002:[1002a 1002b 1002c] 1003:[1003a 1003b 1003c] 1004:[1004a 1004b 1004c] 1005:[1005a 1005b 1005c] 1006:[1006a 1006b 1006c] 1007:[1007a 1007b 1007c] 1008:[1008a 1008b 1008c] 1009:[1009a 1009b 1009c] 2002:[2002a] 2003:[2003a] 2004:[2004a] 2005:[2005a] 2006:[2006a] 2009:[2009a] 3002:[3002a] 3003:[3003a] 3004:[3004a] 3005:[3005a] 3006:[3006a] 3009:[3009a]]}
1 [ 2009  3009]
{19 [1001 1001 1007 1000 1007 1001 1007 1000 1001 1000] map[1000:[1000a 1000b 1000c] 1001:[1001a 1001b 1001c] 1002:[1002a 1002b 1002c] 1003:[1003a 1003b 1003c] 1004:[1004a 1004b 1004c] 1005:[1005a 1005b 1005c] 1006:[1006a 1006b 1006c] 1007:[1007a 1007b 1007c] 1008:[1008a 1008b 1008c] 1009:[1009a 1009b 1009c] 2002:[2002a] 2003:[2003a] 2004:[2004a] 2005:[2005a] 2006:[2006a] 3002:[3002a] 3003:[3003a] 3004:[3004a] 3005:[3005a] 3006:[3006a]]}
1 [ 2005  3005]
{20 [1001 1001 1007 1000 1007 1001 1007 1000 1001 1000] map[1000:[1000a 1000b 1000c] 1001:[1001a 1001b 1001c] 1002:[1002a 1002b 1002c] 1003:[1003a 1003b 1003c] 1004:[1004a 1004b 1004c] 1005:[1005a 1005b 1005c] 1006:[1006a 1006b 1006c] 1007:[1007a 1007b 1007c] 1008:[1008a 1008b 1008c] 1009:[1009a 1009b 1009c] 2002:[2002a] 2003:[2003a] 2004:[2004a] 2006:[2006a] 3002:[3002a] 3003:[3003a] 3004:[3004a] 3006:[3006a]]}
1 [ 2004  3004]
{21 [1001 1001 1007 1000 1007 1001 1007 1000 1001 1000] map[1000:[1000a 1000b 1000c] 1001:[1001a 1001b 1001c] 1002:[1002a 1002b 1002c] 1003:[1003a 1003b 1003c] 1004:[1004a 1004b 1004c] 1005:[1005a 1005b 1005c] 1006:[1006a 1006b 1006c] 1007:[1007a 1007b 1007c] 1008:[1008a 1008b 1008c] 1009:[1009a 1009b 1009c] 2002:[2002a] 2003:[2003a] 2006:[2006a] 3002:[3002a] 3003:[3003a] 3006:[3006a]]}
1 [ 2002  3002]
{22 [1001 1001 1007 1000 1007 1001 1007 1000 1001 1000] map[1000:[1000a 1000b 1000c] 1001:[1001a 1001b 1001c] 1002:[1002a 1002b 1002c] 1003:[1003a 1003b 1003c] 1004:[1004a 1004b 1004c] 1005:[1005a 1005b 1005c] 1006:[1006a 1006b 1006c] 1007:[1007a 1007b 1007c] 1008:[1008a 1008b 1008c] 1009:[1009a 1009b 1009c] 2003:[2003a] 2006:[2006a] 3003:[3003a] 3006:[3006a]]}
1 [ 2006  3006]
{23 [1001 1001 1007 1000 1007 1001 1007 1000 1001 1000] map[1000:[1000a 1000b 1000c] 1001:[1001a 1001b 1001c] 1002:[1002a 1002b 1002c] 1003:[1003a 1003b 1003c] 1004:[1004a 1004b 1004c] 1005:[1005a 1005b 1005c] 1006:[1006a 1006b 1006c] 1007:[1007a 1007b 1007c] 1008:[1008a 1008b 1008c] 1009:[1009a 1009b 1009c] 2003:[2003a] 3003:[3003a]]}
1 [ 2003  3003]
{24 [1001 1001 1007 1000 1007 1001 1007 1000 1001 1000] map[1000:[1000a 1000b 1000c] 1001:[1001a 1001b 1001c] 1002:[1002a 1002b 1002c] 1003:[1003a 1003b 1003c] 1004:[1004a 1004b 1004c] 1005:[1005a 1005b 1005c] 1006:[1006a 1006b 1006c] 1007:[1007a 1007b 1007c] 1008:[1008a 1008b 1008c] 1009:[1009a 1009b 1009c]]}
--- FAIL: TestMulti (0.60s)
    test_test.go:52: max 4 too much larger than min 0
FAIL
exit status 1
FAIL	6.824/shardctrler	2.813s
